{"/Users/andreagiammarchi/code/vanilla-code-coverage/test.js":{"path":"/Users/andreagiammarchi/code/vanilla-code-coverage/test.js","s":{"1":1,"2":1,"3":1,"4":1,"5":1,"6":1,"7":1,"8":1},"b":{},"f":{},"fnMap":{},"statementMap":{"1":{"start":{"line":1,"column":0},"end":{"line":1,"column":38}},"2":{"start":{"line":2,"column":0},"end":{"line":2,"column":27}},"3":{"start":{"line":4,"column":0},"end":{"line":4,"column":35}},"4":{"start":{"line":6,"column":0},"end":{"line":6,"column":29}},"5":{"start":{"line":7,"column":0},"end":{"line":7,"column":45}},"6":{"start":{"line":9,"column":0},"end":{"line":9,"column":31}},"7":{"start":{"line":10,"column":0},"end":{"line":10,"column":42}},"8":{"start":{"line":11,"column":0},"end":{"line":11,"column":34}}},"branchMap":{}},"/Users/andreagiammarchi/code/vanilla-code-coverage/application.js":{"path":"/Users/andreagiammarchi/code/vanilla-code-coverage/application.js","s":{"1":1,"2":2},"b":{"1":[1,1]},"f":{"1":2},"fnMap":{"1":{"name":"(anonymous_1)","line":1,"loc":{"start":{"line":1,"column":17},"end":{"line":1,"column":37}}}},"statementMap":{"1":{"start":{"line":1,"column":0},"end":{"line":3,"column":2}},"2":{"start":{"line":2,"column":2},"end":{"line":2,"column":36}}},"branchMap":{"1":{"line":2,"type":"cond-expr","locations":[{"start":{"line":2,"column":20},"end":{"line":2,"column":28}},{"start":{"line":2,"column":31},"end":{"line":2,"column":35}}]}}}}