{"/Users/andreagiammarchi/code/vanilla-code-coverage/test.js":{"path":"/Users/andreagiammarchi/code/vanilla-code-coverage/test.js","s":{"1":1,"2":1,"3":1,"4":1,"5":1,"6":1,"7":1,"8":1,"9":1,"10":1,"11":1,"12":1,"13":1,"14":1,"15":1},"b":{},"f":{"1":1,"2":1},"fnMap":{"1":{"name":"(anonymous_1)","line":14,"loc":{"start":{"line":14,"column":11},"end":{"line":14,"column":27}}},"2":{"name":"(anonymous_2)","line":15,"loc":{"start":{"line":15,"column":13},"end":{"line":15,"column":25}}}},"statementMap":{"1":{"start":{"line":1,"column":0},"end":{"line":1,"column":29}},"2":{"start":{"line":2,"column":0},"end":{"line":2,"column":38}},"3":{"start":{"line":3,"column":0},"end":{"line":3,"column":27}},"4":{"start":{"line":5,"column":0},"end":{"line":5,"column":34}},"5":{"start":{"line":7,"column":0},"end":{"line":7,"column":26}},"6":{"start":{"line":8,"column":0},"end":{"line":8,"column":35}},"7":{"start":{"line":10,"column":0},"end":{"line":10,"column":28}},"8":{"start":{"line":11,"column":0},"end":{"line":11,"column":32}},"9":{"start":{"line":12,"column":0},"end":{"line":12,"column":24}},"10":{"start":{"line":14,"column":0},"end":{"line":21,"column":3}},"11":{"start":{"line":15,"column":2},"end":{"line":20,"column":11}},"12":{"start":{"line":16,"column":4},"end":{"line":16,"column":30}},"13":{"start":{"line":17,"column":4},"end":{"line":17,"column":36}},"14":{"start":{"line":18,"column":4},"end":{"line":18,"column":28}},"15":{"start":{"line":19,"column":4},"end":{"line":19,"column":11}}},"branchMap":{}},"/Users/andreagiammarchi/code/vanilla-code-coverage/application.js":{"path":"/Users/andreagiammarchi/code/vanilla-code-coverage/application.js","s":{"1":1,"2":4},"b":{"1":[2,2]},"f":{"1":4},"fnMap":{"1":{"name":"(anonymous_1)","line":1,"loc":{"start":{"line":1,"column":17},"end":{"line":1,"column":37}}}},"statementMap":{"1":{"start":{"line":1,"column":0},"end":{"line":3,"column":2}},"2":{"start":{"line":2,"column":2},"end":{"line":2,"column":36}}},"branchMap":{"1":{"line":2,"type":"cond-expr","locations":[{"start":{"line":2,"column":20},"end":{"line":2,"column":28}},{"start":{"line":2,"column":31},"end":{"line":2,"column":35}}]}}}}