TN:
SF:/Users/andreagiammarchi/code/vanilla-code-coverage/test.js
FN:14,(anonymous_1)
FN:15,(anonymous_2)
FNF:2
FNH:2
FNDA:1,(anonymous_1)
FNDA:1,(anonymous_2)
DA:1,1
DA:2,1
DA:3,1
DA:5,1
DA:7,1
DA:8,1
DA:10,1
DA:11,1
DA:12,1
DA:14,1
DA:15,1
DA:16,1
DA:17,1
DA:18,1
DA:19,1
LF:15
LH:15
BRF:0
BRH:0
end_of_record
TN:
SF:/Users/andreagiammarchi/code/vanilla-code-coverage/application.js
FN:1,(anonymous_1)
FNF:1
FNH:1
FNDA:4,(anonymous_1)
DA:1,1
DA:2,4
LF:2
LH:2
BRDA:2,1,0,2
BRDA:2,1,1,2
BRF:2
BRH:2
end_of_record
